<?xml version="1.0" encoding="UTF-8"?>
<!-- Generated by org.testng.reporters.JUnitReportReporter -->
<testsuite hostname="Aashutosh" failures="0" tests="4" name="tests.Testing1" time="0.009" errors="0" timestamp="2023-02-04T13:02:05 EST" skipped="0">
  <testcase classname="tests.Testing1" name="abc" time="0.001"/>
  <testcase classname="tests.Testing1" name="Test1" time="0.006"/>
  <testcase classname="tests.Testing1" name="abc" time="0.001"/>
  <testcase classname="tests.Testing1" name="Test2" time="0.001"/>
</testsuite> <!-- tests.Testing1 -->
