<?xml version="1.0" encoding="UTF-8"?>
<!-- Generated by org.testng.reporters.JUnitReportReporter -->
<testsuite hostname="Aashutosh" failures="0" tests="2" name="tests.Testing2" time="0.002" errors="0" timestamp="2023-02-04T13:02:05 EST" skipped="0">
  <testcase classname="tests.Testing2" name="test4" time="0.001"/>
  <testcase classname="tests.Testing2" name="test3" time="0.001"/>
</testsuite> <!-- tests.Testing2 -->
